2020-03-21 13:43:36.178 [restartedMain] INFO  com.fly.eshop.EshopApplication - Starting EshopApplication on pc-hz20125218 with PID 7596 (D:\idea-workspace\eshop-zx\target\classes started by zhaohuayu5 in D:\idea-workspace\eshop-zx)
2020-03-21 13:43:36.201 [restartedMain] INFO  com.fly.eshop.EshopApplication - The following profiles are active: dev
2020-03-21 13:43:36.245 [restartedMain] INFO  o.s.b.d.env.DevToolsPropertyDefaultsPostProcessor - Devtools property defaults active! Set 'spring.devtools.add-properties' to 'false' to disable
2020-03-21 13:43:36.246 [restartedMain] INFO  o.s.b.d.env.DevToolsPropertyDefaultsPostProcessor - For additional web related logging consider setting the 'logging.level.web' property to 'DEBUG'
2020-03-21 13:43:38.497 [restartedMain] INFO  o.s.boot.web.embedded.tomcat.TomcatWebServer - Tomcat initialized with port(s): 7777 (http)
2020-03-21 13:43:38.506 [restartedMain] INFO  org.apache.coyote.http11.Http11NioProtocol - Initializing ProtocolHandler ["http-nio-7777"]
2020-03-21 13:43:38.507 [restartedMain] INFO  org.apache.catalina.core.StandardService - Starting service [Tomcat]
2020-03-21 13:43:38.507 [restartedMain] INFO  org.apache.catalina.core.StandardEngine - Starting Servlet engine: [Apache Tomcat/9.0.31]
2020-03-21 13:43:38.713 [restartedMain] INFO  o.a.c.core.ContainerBase.[Tomcat].[localhost].[/] - Initializing Spring embedded WebApplicationContext
2020-03-21 13:43:38.713 [restartedMain] INFO  org.springframework.web.context.ContextLoader - Root WebApplicationContext: initialization completed in 2467 ms
2020-03-21 13:43:39.723 [restartedMain] INFO  o.s.scheduling.concurrent.ThreadPoolTaskExecutor - Initializing ExecutorService 'applicationTaskExecutor'
2020-03-21 13:43:40.118 [restartedMain] INFO  o.s.b.d.autoconfigure.OptionalLiveReloadServer - LiveReload server is running on port 35729
2020-03-21 13:43:40.124 [restartedMain] INFO  o.s.b.actuate.endpoint.web.EndpointLinksResolver - Exposing 2 endpoint(s) beneath base path '/actuator'
2020-03-21 13:43:40.190 [restartedMain] INFO  org.apache.coyote.http11.Http11NioProtocol - Starting ProtocolHandler ["http-nio-7777"]
2020-03-21 13:43:40.239 [restartedMain] INFO  o.s.boot.web.embedded.tomcat.TomcatWebServer - Tomcat started on port(s): 7777 (http) with context path ''
2020-03-21 13:43:40.243 [restartedMain] INFO  com.fly.eshop.EshopApplication - Started EshopApplication in 4.935 seconds (JVM running for 6.531)
2020-03-21 13:43:40.384 [RMI TCP Connection(3)-10.12.65.109] INFO  o.a.c.core.ContainerBase.[Tomcat].[localhost].[/] - Initializing Spring DispatcherServlet 'dispatcherServlet'
2020-03-21 13:43:40.384 [RMI TCP Connection(3)-10.12.65.109] INFO  org.springframework.web.servlet.DispatcherServlet - Initializing Servlet 'dispatcherServlet'
2020-03-21 13:43:40.395 [RMI TCP Connection(3)-10.12.65.109] INFO  org.springframework.web.servlet.DispatcherServlet - Completed initialization in 11 ms
2020-03-21 13:43:44.336 [RMI TCP Connection(4)-10.12.65.109] INFO  com.alibaba.druid.pool.DruidDataSource - {dataSource-1} inited
2020-03-21 13:47:26.935 [SpringContextShutdownHook] INFO  o.s.scheduling.concurrent.ThreadPoolTaskExecutor - Shutting down ExecutorService 'applicationTaskExecutor'
2020-03-21 13:47:26.936 [SpringContextShutdownHook] INFO  com.alibaba.druid.pool.DruidDataSource - {dataSource-1} closing ...
2020-03-21 13:47:26.945 [SpringContextShutdownHook] INFO  com.alibaba.druid.pool.DruidDataSource - {dataSource-1} closed
